#-----------------------------------------------------------
# Webtalk v2018.2 (64-bit)
# SW Build 2258646 on Thu Jun 14 20:02:38 MDT 2018
# 
# Start of session at: Tue May 21 17:26:41 2024
# Process ID: 119961
# Current directory: /home/manosx/Documents/dvlsi2021_lab5/dvlsi2021_ask5_prj/dvlsi2021_ask5_prj.sdk/webtalk
# Command line: wbtcv -mode batch -source sdk_webtalk.tcl
# Log file: /home/manosx/Documents/dvlsi2021_lab5/dvlsi2021_ask5_prj/dvlsi2021_ask5_prj.sdk/webtalk/webtalk.log
# Journal file: /home/manosx/Documents/dvlsi2021_lab5/dvlsi2021_ask5_prj/dvlsi2021_ask5_prj.sdk/webtalk/webtalk.jou
#-----------------------------------------------------------
source sdk_webtalk.tcl
# webtalk_init -webtalk_dir /home/manosx/Documents/dvlsi2021_lab5/dvlsi2021_ask5_prj/dvlsi2021_ask5_prj.sdk/webtalk
# webtalk_register_client -client project
# webtalk_add_data -client project -key date_generated -value "2024-05-21 17:26:39" -context "software_version_and_target_device"
# webtalk_add_data -client project -key product_version -value "SDK v2018.2" -context "software_version_and_target_device"
# webtalk_add_data -client project -key build_version -value "2018.2" -context "software_version_and_target_device"
# webtalk_add_data -client project -key os_platform -value "amd64" -context "software_version_and_target_device"
# webtalk_add_data -client project -key registration_id -value "" -context "software_version_and_target_device"
# webtalk_add_data -client project -key tool_flow -value "SDK" -context "software_version_and_target_device"
# webtalk_add_data -client project -key beta -value "false" -context "software_version_and_target_device"
# webtalk_add_data -client project -key route_design -value "NA" -context "software_version_and_target_device"
# webtalk_add_data -client project -key target_family -value "NA" -context "software_version_and_target_device"
# webtalk_add_data -client project -key target_device -value "NA" -context "software_version_and_target_device"
# webtalk_add_data -client project -key target_package -value "NA" -context "software_version_and_target_device"
# webtalk_add_data -client project -key target_speed -value "NA" -context "software_version_and_target_device"
# webtalk_add_data -client project -key random_id -value "b3cm86amc8mftcklece9dts4a3" -context "software_version_and_target_device"
# webtalk_add_data -client project -key project_id -value "2018.2_3" -context "software_version_and_target_device"
# webtalk_add_data -client project -key project_iteration -value "3" -context "software_version_and_target_device"
# webtalk_add_data -client project -key os_name -value "Ubuntu" -context "user_environment"
# webtalk_add_data -client project -key os_release -value "Ubuntu 22.04.4 LTS" -context "user_environment"
# webtalk_add_data -client project -key cpu_name -value "AMD Ryzen 7 5700U with Radeon Graphics" -context "user_environment"
# webtalk_add_data -client project -key cpu_speed -value "1264.285 MHz" -context "user_environment"
# webtalk_add_data -client project -key total_processors -value "1" -context "user_environment"
# webtalk_add_data -client project -key system_ram -value "16,043 GB" -context "user_environment"
# webtalk_register_client -client sdk
# webtalk_add_data -client sdk -key uid -value "1716299178000" -context "sdk\\\\bsp/1716299178000"
# webtalk_add_data -client sdk -key hwid -value "1716298812000" -context "sdk\\\\bsp/1716299178000"
# webtalk_add_data -client sdk -key os -value "standalone" -context "sdk\\\\bsp/1716299178000"
# webtalk_add_data -client sdk -key apptemplate -value "hello_world" -context "sdk\\\\bsp/1716299178000"
# webtalk_add_data -client sdk -key RecordType -value "BSPCreation" -context "sdk\\\\bsp/1716299178000"
# webtalk_add_data -client sdk -key uid -value "1716299180000" -context "sdk\\\\application/1716299180000"
# webtalk_add_data -client sdk -key hwid -value "1716298812000" -context "sdk\\\\application/1716299180000"
# webtalk_add_data -client sdk -key bspid -value "1716299178000" -context "sdk\\\\application/1716299180000"
# webtalk_add_data -client sdk -key newbsp -value "true" -context "sdk\\\\application/1716299180000"
# webtalk_add_data -client sdk -key os -value "standalone" -context "sdk\\\\application/1716299180000"
# webtalk_add_data -client sdk -key apptemplate -value "hello_world" -context "sdk\\\\application/1716299180000"
# webtalk_add_data -client sdk -key RecordType -value "APPCreation" -context "sdk\\\\application/1716299180000"
# webtalk_add_data -client sdk -key LangUsed -value "C" -context "sdk\\\\application/1716299180000"
# webtalk_add_data -client sdk -key Procused -value "ps7_cortexa9" -context "sdk\\\\application/1716299180000"
# webtalk_add_data -client sdk -key projSize -value "391.03125" -context "sdk\\\\application/1716299180000"
# webtalk_add_data -client sdk -key uid -value "NA" -context "sdk\\\\bsp/1716301599866"
# webtalk_add_data -client sdk -key RecordType -value "ToolUsage" -context "sdk\\\\bsp/1716301599866"
# webtalk_add_data -client sdk -key BootgenCount -value "0" -context "sdk\\\\bsp/1716301599866"
# webtalk_add_data -client sdk -key DebugCount -value "0" -context "sdk\\\\bsp/1716301599866"
# webtalk_add_data -client sdk -key PerfCount -value "0" -context "sdk\\\\bsp/1716301599866"
# webtalk_add_data -client sdk -key FlashCount -value "0" -context "sdk\\\\bsp/1716301599866"
# webtalk_add_data -client sdk -key CrossTriggCount -value "0" -context "sdk\\\\bsp/1716301599866"
# webtalk_add_data -client sdk -key QemuDebugCount -value "0" -context "sdk\\\\bsp/1716301599866"
# webtalk_transmit -clientid 712002685 -regid "" -xml /home/manosx/Documents/dvlsi2021_lab5/dvlsi2021_ask5_prj/dvlsi2021_ask5_prj.sdk/webtalk/usage_statistics_ext_sdk.xml -html /home/manosx/Documents/dvlsi2021_lab5/dvlsi2021_ask5_prj/dvlsi2021_ask5_prj.sdk/webtalk/usage_statistics_ext_sdk.html -wdm /home/manosx/Documents/dvlsi2021_lab5/dvlsi2021_ask5_prj/dvlsi2021_ask5_prj.sdk/webtalk/sdk_webtalk.wdm -intro "<H3>SDK Usage Report</H3><BR>"
# webtalk_terminate
INFO: [Common 17-206] Exiting Webtalk at Tue May 21 17:26:42 2024...
