INFO: [VRFC 10-2263] Analyzing Verilog file "/home/manosx/Documents/dvlsi2021_lab5/dvlsi2021_ask5_prj/dvlsi2021_ask5_prj.ip_user_files/bd/design_1/ip/design_1_PS_ARM_0/sim/design_1_PS_ARM_0.v" into library xil_defaultlib
INFO: [VRFC 10-311] analyzing module design_1_PS_ARM_0
INFO: [VRFC 10-2263] Analyzing SystemVerilog file "/home/manosx/Documents/dvlsi2021_lab5/dvlsi2021_ask5_prj/dvlsi2021_ask5_prj.ip_user_files/bd/design_1/ip/design_1_axi_smc_0/bd_0/ip/ip_5/sim/bd_afc3_s00a2s_0.sv" into library xil_defaultlib
INFO: [VRFC 10-311] analyzing module bd_afc3_s00a2s_0
INFO: [VRFC 10-2263] Analyzing SystemVerilog file "/home/manosx/Documents/dvlsi2021_lab5/dvlsi2021_ask5_prj/dvlsi2021_ask5_prj.ip_user_files/bd/design_1/ip/design_1_axi_smc_0/bd_0/ip/ip_8/sim/bd_afc3_m00s2a_0.sv" into library xil_defaultlib
INFO: [VRFC 10-311] analyzing module bd_afc3_m00s2a_0
INFO: [VRFC 10-2263] Analyzing SystemVerilog file "/home/manosx/Documents/dvlsi2021_lab5/dvlsi2021_ask5_prj/dvlsi2021_ask5_prj.ip_user_files/bd/design_1/ip/design_1_axi_smc_0/bd_0/ip/ip_9/sim/bd_afc3_m00e_0.sv" into library xil_defaultlib
INFO: [VRFC 10-311] analyzing module bd_afc3_m00e_0
INFO: [VRFC 10-2263] Analyzing SystemVerilog file "/home/manosx/Documents/dvlsi2021_lab5/dvlsi2021_ask5_prj/dvlsi2021_ask5_prj.ip_user_files/bd/design_1/ip/design_1_axi_smc_0/bd_0/ip/ip_6/sim/bd_afc3_sarn_0.sv" into library xil_defaultlib
INFO: [VRFC 10-311] analyzing module bd_afc3_sarn_0
INFO: [VRFC 10-2263] Analyzing SystemVerilog file "/home/manosx/Documents/dvlsi2021_lab5/dvlsi2021_ask5_prj/dvlsi2021_ask5_prj.ip_user_files/bd/design_1/ip/design_1_axi_smc_0/bd_0/ip/ip_7/sim/bd_afc3_srn_0.sv" into library xil_defaultlib
INFO: [VRFC 10-311] analyzing module bd_afc3_srn_0
INFO: [VRFC 10-2263] Analyzing SystemVerilog file "/home/manosx/Documents/dvlsi2021_lab5/dvlsi2021_ask5_prj/dvlsi2021_ask5_prj.ip_user_files/bd/design_1/ip/design_1_axi_smc_0/bd_0/ip/ip_2/sim/bd_afc3_s00mmu_0.sv" into library xil_defaultlib
INFO: [VRFC 10-311] analyzing module bd_afc3_s00mmu_0
INFO: [VRFC 10-2263] Analyzing SystemVerilog file "/home/manosx/Documents/dvlsi2021_lab5/dvlsi2021_ask5_prj/dvlsi2021_ask5_prj.ip_user_files/bd/design_1/ip/design_1_axi_smc_0/bd_0/ip/ip_3/sim/bd_afc3_s00tr_0.sv" into library xil_defaultlib
INFO: [VRFC 10-311] analyzing module bd_afc3_s00tr_0
INFO: [VRFC 10-2263] Analyzing SystemVerilog file "/home/manosx/Documents/dvlsi2021_lab5/dvlsi2021_ask5_prj/dvlsi2021_ask5_prj.ip_user_files/bd/design_1/ip/design_1_axi_smc_0/bd_0/ip/ip_4/sim/bd_afc3_s00sic_0.sv" into library xil_defaultlib
INFO: [VRFC 10-311] analyzing module bd_afc3_s00sic_0
INFO: [VRFC 10-2263] Analyzing Verilog file "/home/manosx/Documents/dvlsi2021_lab5/dvlsi2021_ask5_prj/dvlsi2021_ask5_prj.ip_user_files/bd/design_1/ip/design_1_axi_smc_0/bd_0/ip/ip_0/sim/bd_afc3_one_0.v" into library xil_defaultlib
INFO: [VRFC 10-311] analyzing module bd_afc3_one_0
INFO: [VRFC 10-2263] Analyzing Verilog file "/home/manosx/Documents/dvlsi2021_lab5/dvlsi2021_ask5_prj/dvlsi2021_ask5_prj.ip_user_files/bd/design_1/ip/design_1_axi_smc_0/bd_0/sim/bd_afc3.v" into library xil_defaultlib
INFO: [VRFC 10-311] analyzing module bd_afc3
INFO: [VRFC 10-311] analyzing module clk_map_imp_5Y9LOC
INFO: [VRFC 10-311] analyzing module m00_exit_pipeline_imp_1TZX5BB
INFO: [VRFC 10-311] analyzing module s00_entry_pipeline_imp_USCCV8
INFO: [VRFC 10-311] analyzing module s00_nodes_imp_Y7M43I
INFO: [VRFC 10-2263] Analyzing SystemVerilog file "/home/manosx/Documents/dvlsi2021_lab5/dvlsi2021_ask5_prj/dvlsi2021_ask5_prj.ip_user_files/bd/design_1/ip/design_1_axi_smc_1_0/bd_0/ip/ip_5/sim/bd_a878_s00a2s_0.sv" into library xil_defaultlib
INFO: [VRFC 10-311] analyzing module bd_a878_s00a2s_0
INFO: [VRFC 10-2263] Analyzing SystemVerilog file "/home/manosx/Documents/dvlsi2021_lab5/dvlsi2021_ask5_prj/dvlsi2021_ask5_prj.ip_user_files/bd/design_1/ip/design_1_axi_smc_1_0/bd_0/ip/ip_9/sim/bd_a878_m00s2a_0.sv" into library xil_defaultlib
INFO: [VRFC 10-311] analyzing module bd_a878_m00s2a_0
INFO: [VRFC 10-2263] Analyzing SystemVerilog file "/home/manosx/Documents/dvlsi2021_lab5/dvlsi2021_ask5_prj/dvlsi2021_ask5_prj.ip_user_files/bd/design_1/ip/design_1_axi_smc_1_0/bd_0/ip/ip_10/sim/bd_a878_m00e_0.sv" into library xil_defaultlib
INFO: [VRFC 10-311] analyzing module bd_a878_m00e_0
INFO: [VRFC 10-2263] Analyzing SystemVerilog file "/home/manosx/Documents/dvlsi2021_lab5/dvlsi2021_ask5_prj/dvlsi2021_ask5_prj.ip_user_files/bd/design_1/ip/design_1_axi_smc_1_0/bd_0/ip/ip_6/sim/bd_a878_sawn_0.sv" into library xil_defaultlib
INFO: [VRFC 10-311] analyzing module bd_a878_sawn_0
INFO: [VRFC 10-2263] Analyzing SystemVerilog file "/home/manosx/Documents/dvlsi2021_lab5/dvlsi2021_ask5_prj/dvlsi2021_ask5_prj.ip_user_files/bd/design_1/ip/design_1_axi_smc_1_0/bd_0/ip/ip_7/sim/bd_a878_swn_0.sv" into library xil_defaultlib
INFO: [VRFC 10-311] analyzing module bd_a878_swn_0
INFO: [VRFC 10-2263] Analyzing SystemVerilog file "/home/manosx/Documents/dvlsi2021_lab5/dvlsi2021_ask5_prj/dvlsi2021_ask5_prj.ip_user_files/bd/design_1/ip/design_1_axi_smc_1_0/bd_0/ip/ip_8/sim/bd_a878_sbn_0.sv" into library xil_defaultlib
INFO: [VRFC 10-311] analyzing module bd_a878_sbn_0
INFO: [VRFC 10-2263] Analyzing SystemVerilog file "/home/manosx/Documents/dvlsi2021_lab5/dvlsi2021_ask5_prj/dvlsi2021_ask5_prj.ip_user_files/bd/design_1/ip/design_1_axi_smc_1_0/bd_0/ip/ip_2/sim/bd_a878_s00mmu_0.sv" into library xil_defaultlib
INFO: [VRFC 10-311] analyzing module bd_a878_s00mmu_0
INFO: [VRFC 10-2263] Analyzing SystemVerilog file "/home/manosx/Documents/dvlsi2021_lab5/dvlsi2021_ask5_prj/dvlsi2021_ask5_prj.ip_user_files/bd/design_1/ip/design_1_axi_smc_1_0/bd_0/ip/ip_3/sim/bd_a878_s00tr_0.sv" into library xil_defaultlib
INFO: [VRFC 10-311] analyzing module bd_a878_s00tr_0
INFO: [VRFC 10-2263] Analyzing SystemVerilog file "/home/manosx/Documents/dvlsi2021_lab5/dvlsi2021_ask5_prj/dvlsi2021_ask5_prj.ip_user_files/bd/design_1/ip/design_1_axi_smc_1_0/bd_0/ip/ip_4/sim/bd_a878_s00sic_0.sv" into library xil_defaultlib
INFO: [VRFC 10-311] analyzing module bd_a878_s00sic_0
INFO: [VRFC 10-2263] Analyzing Verilog file "/home/manosx/Documents/dvlsi2021_lab5/dvlsi2021_ask5_prj/dvlsi2021_ask5_prj.ip_user_files/bd/design_1/ip/design_1_axi_smc_1_0/bd_0/ip/ip_0/sim/bd_a878_one_0.v" into library xil_defaultlib
INFO: [VRFC 10-311] analyzing module bd_a878_one_0
INFO: [VRFC 10-2263] Analyzing Verilog file "/home/manosx/Documents/dvlsi2021_lab5/dvlsi2021_ask5_prj/dvlsi2021_ask5_prj.ip_user_files/bd/design_1/ip/design_1_axi_smc_1_0/bd_0/sim/bd_a878.v" into library xil_defaultlib
INFO: [VRFC 10-311] analyzing module bd_a878
INFO: [VRFC 10-311] analyzing module clk_map_imp_G6MO4E
INFO: [VRFC 10-311] analyzing module m00_exit_pipeline_imp_1I3LT8L
INFO: [VRFC 10-311] analyzing module s00_entry_pipeline_imp_I9HTTY
INFO: [VRFC 10-311] analyzing module s00_nodes_imp_NF95JW
INFO: [VRFC 10-2263] Analyzing Verilog file "/home/manosx/Documents/dvlsi2021_lab5/dvlsi2021_ask5_prj/dvlsi2021_ask5_prj.ip_user_files/bd/design_1/ip/design_1_xbar_0/sim/design_1_xbar_0.v" into library xil_defaultlib
INFO: [VRFC 10-311] analyzing module design_1_xbar_0
INFO: [VRFC 10-2263] Analyzing Verilog file "/home/manosx/Documents/dvlsi2021_lab5/dvlsi2021_ask5_prj/dvlsi2021_ask5_prj.ip_user_files/bd/design_1/ip/design_1_auto_pc_0/sim/design_1_auto_pc_0.v" into library xil_defaultlib
INFO: [VRFC 10-311] analyzing module design_1_auto_pc_0
INFO: [VRFC 10-2263] Analyzing Verilog file "/home/manosx/Documents/dvlsi2021_lab5/dvlsi2021_ask5_prj/dvlsi2021_ask5_prj.srcs/sources_1/ip/fifo_generator_0/sim/fifo_generator_0.v" into library xil_defaultlib
INFO: [VRFC 10-311] analyzing module fifo_generator_0
INFO: [VRFC 10-2263] Analyzing Verilog file "/home/manosx/Documents/dvlsi2021_lab5/dvlsi2021_ask5_prj/dvlsi2021_ask5_prj.sim/sim_1/behav/xsim/glbl.v" into library xil_defaultlib
INFO: [VRFC 10-311] analyzing module glbl
